{"F:\\Dev\\React\\fe-testing-example\\mocks\\handlers.ts": {"path":"F:\\Dev\\React\\fe-testing-example\\mocks\\handlers.ts","statementMap":{"0":{"start":{"line":4,"column":24},"end":{"line":22,"column":1}},"1":{"start":{"line":6,"column":4},"end":{"line":20,"column":6}}},"fnMap":{"0":{"name":"(anonymous_0)","decl":{"start":{"line":5,"column":49},"end":{"line":5,"column":50}},"loc":{"start":{"line":5,"column":69},"end":{"line":21,"column":3}},"line":5}},"branchMap":{},"s":{"0":2,"1":1},"f":{"0":1},"b":{},"_coverageSchema":"1a1c01bbd47fc00a2c39e90264f33305004495a9","hash":"b8da29315c42ec719593eee903f82a0eb559b22a"}
,"F:\\Dev\\React\\fe-testing-example\\mocks\\server.ts": {"path":"F:\\Dev\\React\\fe-testing-example\\mocks\\server.ts","statementMap":{"0":{"start":{"line":4,"column":22},"end":{"line":4,"column":46}}},"fnMap":{},"branchMap":{},"s":{"0":2},"f":{},"b":{},"_coverageSchema":"1a1c01bbd47fc00a2c39e90264f33305004495a9","hash":"d1fb844e26cbf71898f5c5ec504fde28957b253a"}
,"F:\\Dev\\React\\fe-testing-example\\src\\containers\\home\\index.tsx": {"path":"F:\\Dev\\React\\fe-testing-example\\src\\containers\\home\\index.tsx","statementMap":{"0":{"start":{"line":7,"column":30},"end":{"line":40,"column":1}},"1":{"start":{"line":8,"column":37},"end":{"line":8,"column":58}},"2":{"start":{"line":10,"column":18},"end":{"line":10,"column":52}},"3":{"start":{"line":13,"column":13},"end":{"line":13,"column":42}},"4":{"start":{"line":14,"column":4},"end":{"line":14,"column":29}},"5":{"start":{"line":17,"column":2},"end":{"line":39,"column":4}},"6":{"start":{"line":26,"column":30},"end":{"line":26,"column":52}},"7":{"start":{"line":27,"column":27},"end":{"line":27,"column":118}},"8":{"start":{"line":29,"column":12},"end":{"line":34,"column":14}}},"fnMap":{"0":{"name":"(anonymous_0)","decl":{"start":{"line":7,"column":30},"end":{"line":7,"column":31}},"loc":{"start":{"line":7,"column":36},"end":{"line":40,"column":1}},"line":7},"1":{"name":"extractId","decl":{"start":{"line":12,"column":11},"end":{"line":12,"column":20}},"loc":{"start":{"line":12,"column":34},"end":{"line":15,"column":3}},"line":12},"2":{"name":"(anonymous_2)","decl":{"start":{"line":25,"column":28},"end":{"line":25,"column":29}},"loc":{"start":{"line":25,"column":50},"end":{"line":35,"column":11}},"line":25}},"branchMap":{"0":{"loc":{"start":{"line":14,"column":11},"end":{"line":14,"column":28}},"type":"cond-expr","locations":[{"start":{"line":14,"column":16},"end":{"line":14,"column":21}},{"start":{"line":14,"column":24},"end":{"line":14,"column":28}}],"line":14},"1":{"loc":{"start":{"line":19,"column":7},"end":{"line":37,"column":14}},"type":"cond-expr","locations":[{"start":{"line":20,"column":8},"end":{"line":20,"column":38}},{"start":{"line":21,"column":10},"end":{"line":37,"column":14}}],"line":19},"2":{"loc":{"start":{"line":21,"column":10},"end":{"line":37,"column":14}},"type":"cond-expr","locations":[{"start":{"line":22,"column":8},"end":{"line":22,"column":23}},{"start":{"line":23,"column":10},"end":{"line":37,"column":14}}],"line":21},"3":{"loc":{"start":{"line":23,"column":10},"end":{"line":37,"column":14}},"type":"cond-expr","locations":[{"start":{"line":24,"column":8},"end":{"line":36,"column":20}},{"start":{"line":37,"column":10},"end":{"line":37,"column":14}}],"line":23},"4":{"loc":{"start":{"line":24,"column":25},"end":{"line":24,"column":40}},"type":"cond-expr","locations":[{"start":{"line":24,"column":35},"end":{"line":24,"column":36}},{"start":{"line":24,"column":39},"end":{"line":24,"column":40}}],"line":24}},"s":{"0":1,"1":3,"2":3,"3":2,"4":2,"5":3,"6":2,"7":2,"8":2},"f":{"0":3,"1":2,"2":2},"b":{"0":[0,2],"1":[0,3],"2":[2,1],"3":[1,0],"4":[0,1]},"_coverageSchema":"1a1c01bbd47fc00a2c39e90264f33305004495a9","hash":"f99842ae3fedca54456be457380b54d4a8385ca8"}
,"F:\\Dev\\React\\fe-testing-example\\src\\containers\\login\\index.tsx": {"path":"F:\\Dev\\React\\fe-testing-example\\src\\containers\\login\\index.tsx","statementMap":{"0":{"start":{"line":15,"column":31},"end":{"line":84,"column":1}},"1":{"start":{"line":16,"column":17},"end":{"line":16,"column":28}},"2":{"start":{"line":17,"column":22},"end":{"line":17,"column":85}},"3":{"start":{"line":17,"column":56},"end":{"line":17,"column":84}},"4":{"start":{"line":19,"column":23},"end":{"line":41,"column":3}},"5":{"start":{"line":20,"column":4},"end":{"line":20,"column":27}},"6":{"start":{"line":21,"column":17},"end":{"line":21,"column":50}},"7":{"start":{"line":22,"column":21},"end":{"line":22,"column":51}},"8":{"start":{"line":23,"column":21},"end":{"line":23,"column":51}},"9":{"start":{"line":25,"column":4},"end":{"line":40,"column":5}},"10":{"start":{"line":26,"column":19},"end":{"line":30,"column":8}},"11":{"start":{"line":31,"column":6},"end":{"line":39,"column":7}},"12":{"start":{"line":32,"column":8},"end":{"line":36,"column":9}},"13":{"start":{"line":33,"column":10},"end":{"line":33,"column":48}},"14":{"start":{"line":35,"column":10},"end":{"line":35,"column":27}},"15":{"start":{"line":38,"column":8},"end":{"line":38,"column":44}},"16":{"start":{"line":43,"column":2},"end":{"line":83,"column":4}}},"fnMap":{"0":{"name":"(anonymous_0)","decl":{"start":{"line":15,"column":31},"end":{"line":15,"column":32}},"loc":{"start":{"line":15,"column":37},"end":{"line":84,"column":1}},"line":15},"1":{"name":"(anonymous_1)","decl":{"start":{"line":17,"column":34},"end":{"line":17,"column":35}},"loc":{"start":{"line":17,"column":56},"end":{"line":17,"column":84}},"line":17},"2":{"name":"(anonymous_2)","decl":{"start":{"line":19,"column":23},"end":{"line":19,"column":24}},"loc":{"start":{"line":19,"column":74},"end":{"line":41,"column":3}},"line":19}},"branchMap":{"0":{"loc":{"start":{"line":25,"column":4},"end":{"line":40,"column":5}},"type":"if","locations":[{"start":{"line":25,"column":4},"end":{"line":40,"column":5}},{"start":{},"end":{}}],"line":25},"1":{"loc":{"start":{"line":25,"column":8},"end":{"line":25,"column":28}},"type":"binary-expr","locations":[{"start":{"line":25,"column":8},"end":{"line":25,"column":16}},{"start":{"line":25,"column":20},"end":{"line":25,"column":28}}],"line":25},"2":{"loc":{"start":{"line":31,"column":6},"end":{"line":39,"column":7}},"type":"if","locations":[{"start":{"line":31,"column":6},"end":{"line":39,"column":7}},{"start":{"line":37,"column":13},"end":{"line":39,"column":7}}],"line":31},"3":{"loc":{"start":{"line":32,"column":8},"end":{"line":36,"column":9}},"type":"if","locations":[{"start":{"line":32,"column":8},"end":{"line":36,"column":9}},{"start":{"line":34,"column":15},"end":{"line":36,"column":9}}],"line":32}},"s":{"0":1,"1":2,"2":2,"3":2,"4":2,"5":1,"6":1,"7":1,"8":1,"9":1,"10":1,"11":1,"12":0,"13":0,"14":0,"15":1,"16":2},"f":{"0":2,"1":2,"2":1},"b":{"0":[1,0],"1":[1,1],"2":[0,1],"3":[0,0]},"_coverageSchema":"1a1c01bbd47fc00a2c39e90264f33305004495a9","hash":"c8bd9edfb90c1f1ced1b61632c26f5b73feefc99"}
,"F:\\Dev\\React\\fe-testing-example\\src\\redux\\reducers.ts": {"path":"F:\\Dev\\React\\fe-testing-example\\src\\redux\\reducers.ts","statementMap":{"0":{"start":{"line":7,"column":20},"end":{"line":7,"column":51}}},"fnMap":{},"branchMap":{},"s":{"0":2},"f":{},"b":{},"_coverageSchema":"1a1c01bbd47fc00a2c39e90264f33305004495a9","hash":"c80c341423063a5dfa2f4629e8ec333bc8434443"}
,"F:\\Dev\\React\\fe-testing-example\\src\\redux\\store.ts": {"path":"F:\\Dev\\React\\fe-testing-example\\src\\redux\\store.ts","statementMap":{"0":{"start":{"line":8,"column":21},"end":{"line":16,"column":2}},"1":{"start":{"line":15,"column":40},"end":{"line":15,"column":92}},"2":{"start":{"line":18,"column":0},"end":{"line":18,"column":31}},"3":{"start":{"line":21,"column":30},"end":{"line":21,"column":62}},"4":{"start":{"line":21,"column":36},"end":{"line":21,"column":62}}},"fnMap":{"0":{"name":"(anonymous_0)","decl":{"start":{"line":15,"column":14},"end":{"line":15,"column":15}},"loc":{"start":{"line":15,"column":40},"end":{"line":15,"column":92}},"line":15},"1":{"name":"(anonymous_1)","decl":{"start":{"line":21,"column":30},"end":{"line":21,"column":31}},"loc":{"start":{"line":21,"column":36},"end":{"line":21,"column":62}},"line":21}},"branchMap":{},"s":{"0":2,"1":2,"2":2,"3":2,"4":0},"f":{"0":2,"1":0},"b":{},"_coverageSchema":"1a1c01bbd47fc00a2c39e90264f33305004495a9","hash":"ea2ed707a458987ca4211710c7c82958b7cd5f9c"}
,"F:\\Dev\\React\\fe-testing-example\\src\\redux\\services\\pokemon.ts": {"path":"F:\\Dev\\React\\fe-testing-example\\src\\redux\\services\\pokemon.ts","statementMap":{"0":{"start":{"line":6,"column":26},"end":{"line":17,"column":2}},"1":{"start":{"line":9,"column":27},"end":{"line":16,"column":3}},"2":{"start":{"line":11,"column":23},"end":{"line":11,"column":40}},"3":{"start":{"line":14,"column":19},"end":{"line":14,"column":28}},"4":{"start":{"line":21,"column":65},"end":{"line":21,"column":75}}},"fnMap":{"0":{"name":"(anonymous_0)","decl":{"start":{"line":9,"column":13},"end":{"line":9,"column":14}},"loc":{"start":{"line":9,"column":27},"end":{"line":16,"column":3}},"line":9},"1":{"name":"(anonymous_1)","decl":{"start":{"line":11,"column":13},"end":{"line":11,"column":14}},"loc":{"start":{"line":11,"column":23},"end":{"line":11,"column":40}},"line":11},"2":{"name":"(anonymous_2)","decl":{"start":{"line":14,"column":13},"end":{"line":14,"column":14}},"loc":{"start":{"line":14,"column":19},"end":{"line":14,"column":28}},"line":14}},"branchMap":{},"s":{"0":2,"1":2,"2":0,"3":1,"4":2},"f":{"0":2,"1":0,"2":1},"b":{},"_coverageSchema":"1a1c01bbd47fc00a2c39e90264f33305004495a9","hash":"127fd2b4d449d6d68eab357b64e4193a464c634f"}
,"F:\\Dev\\React\\fe-testing-example\\src\\redux\\slices\\navigation\\index.tsx": {"path":"F:\\Dev\\React\\fe-testing-example\\src\\redux\\slices\\navigation\\index.tsx","statementMap":{"0":{"start":{"line":7,"column":34},"end":{"line":9,"column":1}},"1":{"start":{"line":11,"column":21},"end":{"line":19,"column":2}},"2":{"start":{"line":16,"column":6},"end":{"line":16,"column":57}},"3":{"start":{"line":21,"column":32},"end":{"line":21,"column":52}}},"fnMap":{"0":{"name":"(anonymous_0)","decl":{"start":{"line":15,"column":18},"end":{"line":15,"column":19}},"loc":{"start":{"line":15,"column":60},"end":{"line":17,"column":5}},"line":15}},"branchMap":{},"s":{"0":2,"1":2,"2":0,"3":2},"f":{"0":0},"b":{},"_coverageSchema":"1a1c01bbd47fc00a2c39e90264f33305004495a9","hash":"179fe67390de7e794611af1a26c74a8adeeeea7e"}
,"F:\\Dev\\React\\fe-testing-example\\test\\index.tsx": {"path":"F:\\Dev\\React\\fe-testing-example\\test\\index.tsx","statementMap":{"0":{"start":{"line":23,"column":60},"end":{"line":29,"column":1}},"1":{"start":{"line":24,"column":2},"end":{"line":28,"column":4}},"2":{"start":{"line":31,"column":15},"end":{"line":32,"column":74}},"3":{"start":{"line":32,"column":2},"end":{"line":32,"column":74}}},"fnMap":{"0":{"name":"(anonymous_0)","decl":{"start":{"line":23,"column":60},"end":{"line":23,"column":61}},"loc":{"start":{"line":23,"column":78},"end":{"line":29,"column":1}},"line":23},"1":{"name":"(anonymous_1)","decl":{"start":{"line":31,"column":15},"end":{"line":31,"column":16}},"loc":{"start":{"line":32,"column":2},"end":{"line":32,"column":74}},"line":32}},"branchMap":{},"s":{"0":2,"1":3,"2":2,"3":3},"f":{"0":3,"1":3},"b":{},"_coverageSchema":"1a1c01bbd47fc00a2c39e90264f33305004495a9","hash":"c57cf7b10f697be2226a42a8d2b8c8b1e4b48d13"}
}
