TN:
SF:mocks\handlers.ts
FN:5,(anonymous_0)
FNF:1
FNH:1
FNDA:1,(anonymous_0)
DA:4,2
DA:6,1
LF:2
LH:2
BRF:0
BRH:0
end_of_record
TN:
SF:mocks\server.ts
FNF:0
FNH:0
DA:4,2
LF:1
LH:1
BRF:0
BRH:0
end_of_record
TN:
SF:src\containers\home\index.tsx
FN:7,(anonymous_0)
FN:12,extractId
FN:25,(anonymous_2)
FNF:3
FNH:3
FNDA:3,(anonymous_0)
FNDA:2,extractId
FNDA:2,(anonymous_2)
DA:7,1
DA:8,3
DA:10,3
DA:13,2
DA:14,2
DA:17,3
DA:26,2
DA:27,2
DA:29,2
LF:9
LH:9
BRDA:14,0,0,0
BRDA:14,0,1,2
BRDA:19,1,0,0
BRDA:19,1,1,3
BRDA:21,2,0,2
BRDA:21,2,1,1
BRDA:23,3,0,1
BRDA:23,3,1,0
BRDA:24,4,0,0
BRDA:24,4,1,1
BRF:10
BRH:6
end_of_record
TN:
SF:src\containers\login\index.tsx
FN:15,(anonymous_0)
FN:17,(anonymous_1)
FN:19,(anonymous_2)
FNF:3
FNH:3
FNDA:2,(anonymous_0)
FNDA:2,(anonymous_1)
FNDA:1,(anonymous_2)
DA:15,1
DA:16,2
DA:17,2
DA:19,2
DA:20,1
DA:21,1
DA:22,1
DA:23,1
DA:25,1
DA:26,1
DA:31,1
DA:32,0
DA:33,0
DA:35,0
DA:38,1
DA:43,2
LF:16
LH:13
BRDA:25,0,0,1
BRDA:25,0,1,0
BRDA:25,1,0,1
BRDA:25,1,1,1
BRDA:31,2,0,0
BRDA:31,2,1,1
BRDA:32,3,0,0
BRDA:32,3,1,0
BRF:8
BRH:4
end_of_record
TN:
SF:src\redux\reducers.ts
FNF:0
FNH:0
DA:7,2
LF:1
LH:1
BRF:0
BRH:0
end_of_record
TN:
SF:src\redux\store.ts
FN:15,(anonymous_0)
FN:21,(anonymous_1)
FNF:2
FNH:1
FNDA:2,(anonymous_0)
FNDA:0,(anonymous_1)
DA:8,2
DA:15,2
DA:18,2
DA:21,2
LF:4
LH:4
BRF:0
BRH:0
end_of_record
TN:
SF:src\redux\services\pokemon.ts
FN:9,(anonymous_0)
FN:11,(anonymous_1)
FN:14,(anonymous_2)
FNF:3
FNH:2
FNDA:2,(anonymous_0)
FNDA:0,(anonymous_1)
FNDA:1,(anonymous_2)
DA:6,2
DA:9,2
DA:11,0
DA:14,1
DA:21,2
LF:5
LH:4
BRF:0
BRH:0
end_of_record
TN:
SF:src\redux\slices\navigation\index.tsx
FN:15,(anonymous_0)
FNF:1
FNH:0
FNDA:0,(anonymous_0)
DA:7,2
DA:11,2
DA:16,0
DA:21,2
LF:4
LH:3
BRF:0
BRH:0
end_of_record
TN:
SF:test\index.tsx
FN:23,(anonymous_0)
FN:31,(anonymous_1)
FNF:2
FNH:2
FNDA:3,(anonymous_0)
FNDA:3,(anonymous_1)
DA:23,2
DA:24,3
DA:31,2
DA:32,3
LF:4
LH:4
BRF:0
BRH:0
end_of_record
